<?xml version="1.0" encoding="UTF-8"?>
<!-- Generated by org.testng.reporters.JUnitReportReporter -->
<testsuite hostname="HAMILTON-QA11L" failures="0" tests="3" name="Assertions.Soft_Assertion" time="0.010" errors="0" timestamp="2022-05-11T12:25:19 IST" skipped="0">
  <testcase classname="Assertions.Soft_Assertion" name="test3" time="0.000"/>
  <system-out/>
  <testcase classname="Assertions.Soft_Assertion" name="test1" time="0.009"/>
  <system-out/>
  <testcase classname="Assertions.Soft_Assertion" name="test2" time="0.001"/>
  <system-out/>
</testsuite> <!-- Assertions.Soft_Assertion -->
