<?xml version="1.0" encoding="UTF-8"?>
<!-- Generated by org.testng.reporters.JUnitReportReporter -->
<testsuite hostname="HAMILTON-QA11L" failures="0" tests="2" name="MavenSeleniumPractice.DriverClass" time="0.011" errors="0" timestamp="2022-05-10T10:32:03 IST" skipped="0">
  <testcase classname="MavenSeleniumPractice.DriverClass" name="test" time="0.001"/>
  <system-out/>
  <testcase classname="MavenSeleniumPractice.DriverClass" name="verifytitle" time="0.010"/>
  <system-out/>
</testsuite> <!-- MavenSeleniumPractice.DriverClass -->
